<?xml version="1.0" encoding="UTF-8"?>
<testsuite xmlns:xsi="http://www.w3.org/2001/XMLSchema-instance" xsi:noNamespaceSchemaLocation="https://maven.apache.org/surefire/maven-surefire-plugin/xsd/surefire-test-report-3.0.xsd" version="3.0" name="com.leathercad.core.snap.SnapEngineTest" time="0.069" tests="4" errors="0" skipped="0" failures="0">
  <properties>
[...]
</properties>
  <testcase name="testIsGeometricSnap" classname="com.leathercad.core.snap.SnapEngineTest" time="0.037"/>
  <testcase name="testEndpointSnap" classname="com.leathercad.core.snap.SnapEngineTest" time="0.002"/>
  <testcase name="testMidpointSnap" classname="com.leathercad.core.snap.SnapEngineTest" time="0.001"/>
  <testcase name="testOrthoVsSnapPriorityInCADTool" classname="com.leathercad.core.snap.SnapEngineTest" time="0.002"/>
</testsuite>